
Transaction ID : 0
TASK NAME: T0,0
PERIOD : 10
FET : 2
CallbackType: 0
Chain pos: 0
ECU id: 0
Priority: 2


Transaction ID : 1
TASK NAME: T1,0
PERIOD : 25
FET : 5
CallbackType: 0
Chain pos: 0
ECU id: 1
Priority: 0


Transaction ID : 2
TASK NAME: T2,0
PERIOD : 50
FET : 10
CallbackType: 0
Chain pos: 0
ECU id: 0
Priority: 2
TASK NAME: T2,1
PERIOD : -1
FET : 10
CallbackType: 1
Chain pos: 1
ECU id: 0
Priority: 1001
TASK NAME: T2,2
PERIOD : -1
FET : 10
CallbackType: 1
Chain pos: 2
ECU id: 1
Priority: 1002
TASK NAME: T2,3
PERIOD : -1
FET : 10
CallbackType: 1
Chain pos: 3
ECU id: 1
Priority: 1001


Transaction ID : 3
TASK NAME: T3,0
PERIOD : 100
FET : 20
CallbackType: 0
Chain pos: 0
ECU id: 1
Priority: 1


